{"uid":"a65824de5666e6c3","name":"test_registration","fullName":"Test.test_conduit.TestConduit#test_registration","historyId":"27fbd69bd14469a99efda7e74b17590d","time":{"start":1680992689186,"stop":1680992694347,"duration":5161},"status":"broken","statusMessage":"selenium.common.exceptions.TimeoutException: Message: \nStacktrace:\n#0 0x55fc922b0243 <unknown>\n#1 0x55fc920747a6 <unknown>\n#2 0x55fc920b164d <unknown>\n#3 0x55fc920b1761 <unknown>\n#4 0x55fc920ecda4 <unknown>\n#5 0x55fc920d20ad <unknown>\n#6 0x55fc920ea932 <unknown>\n#7 0x55fc920d1e53 <unknown>\n#8 0x55fc920a49ea <unknown>\n#9 0x55fc920a5b2e <unknown>\n#10 0x55fc92304d5e <unknown>\n#11 0x55fc92308a80 <unknown>\n#12 0x55fc922ea8b0 <unknown>\n#13 0x55fc92309b63 <unknown>\n#14 0x55fc922dbf75 <unknown>\n#15 0x55fc9232c998 <unknown>\n#16 0x55fc9232cb27 <unknown>\n#17 0x55fc92347c23 <unknown>\n#18 0x7fc74128fb43 <unknown>","statusTrace":"self = <test_conduit.TestConduit object at 0x7fcc6efd04d0>\n\n    def test_registration(self):\n>       signUp_btn = WebDriverWait(self.browser, 5).until(EC.presence_of_element_located((By.CSS_SELECTOR,'a[href=\"#/register\"]')))\n\nTest/test_conduit.py:34: \n_ _ _ _ _ _ _ _ _ _ _ _ _ _ _ _ _ _ _ _ _ _ _ _ _ _ _ _ _ _ _ _ _ _ _ _ _ _ _ _ \n\nself = <selenium.webdriver.support.wait.WebDriverWait (session=\"0c430d13aef980e448d16caceba94839\")>\nmethod = <function presence_of_element_located.<locals>._predicate at 0x7fcc6f04af20>\nmessage = ''\n\n    def until(self, method, message: str = \"\"):\n        \"\"\"Calls the method provided with the driver as an argument until the \\\n        return value does not evaluate to ``False``.\n    \n        :param method: callable(WebDriver)\n        :param message: optional message for :exc:`TimeoutException`\n        :returns: the result of the last call to `method`\n        :raises: :exc:`selenium.common.exceptions.TimeoutException` if timeout occurs\n        \"\"\"\n        screen = None\n        stacktrace = None\n    \n        end_time = time.monotonic() + self._timeout\n        while True:\n            try:\n                value = method(self._driver)\n                if value:\n                    return value\n            except self._ignored_exceptions as exc:\n                screen = getattr(exc, \"screen\", None)\n                stacktrace = getattr(exc, \"stacktrace\", None)\n            time.sleep(self._poll)\n            if time.monotonic() > end_time:\n                break\n>       raise TimeoutException(message, screen, stacktrace)\nE       selenium.common.exceptions.TimeoutException: Message: \nE       Stacktrace:\nE       #0 0x55fc922b0243 <unknown>\nE       #1 0x55fc920747a6 <unknown>\nE       #2 0x55fc920b164d <unknown>\nE       #3 0x55fc920b1761 <unknown>\nE       #4 0x55fc920ecda4 <unknown>\nE       #5 0x55fc920d20ad <unknown>\nE       #6 0x55fc920ea932 <unknown>\nE       #7 0x55fc920d1e53 <unknown>\nE       #8 0x55fc920a49ea <unknown>\nE       #9 0x55fc920a5b2e <unknown>\nE       #10 0x55fc92304d5e <unknown>\nE       #11 0x55fc92308a80 <unknown>\nE       #12 0x55fc922ea8b0 <unknown>\nE       #13 0x55fc92309b63 <unknown>\nE       #14 0x55fc922dbf75 <unknown>\nE       #15 0x55fc9232c998 <unknown>\nE       #16 0x55fc9232cb27 <unknown>\nE       #17 0x55fc92347c23 <unknown>\nE       #18 0x7fc74128fb43 <unknown>\n\n/opt/hostedtoolcache/Python/3.11.1/x64/lib/python3.11/site-packages/selenium/webdriver/support/wait.py:95: TimeoutException","flaky":false,"newFailed":false,"newBroken":false,"newPassed":false,"retriesCount":0,"retriesStatusChange":false,"beforeStages":[{"name":"_xunit_setup_method_fixture_TestConduit","time":{"start":1680992682035,"stop":1680992689185,"duration":7150},"status":"passed","steps":[],"attachments":[],"parameters":[],"stepsCount":0,"attachmentsCount":0,"shouldDisplayMessage":false,"hasContent":false}],"testStage":{"status":"broken","statusMessage":"selenium.common.exceptions.TimeoutException: Message: \nStacktrace:\n#0 0x55fc922b0243 <unknown>\n#1 0x55fc920747a6 <unknown>\n#2 0x55fc920b164d <unknown>\n#3 0x55fc920b1761 <unknown>\n#4 0x55fc920ecda4 <unknown>\n#5 0x55fc920d20ad <unknown>\n#6 0x55fc920ea932 <unknown>\n#7 0x55fc920d1e53 <unknown>\n#8 0x55fc920a49ea <unknown>\n#9 0x55fc920a5b2e <unknown>\n#10 0x55fc92304d5e <unknown>\n#11 0x55fc92308a80 <unknown>\n#12 0x55fc922ea8b0 <unknown>\n#13 0x55fc92309b63 <unknown>\n#14 0x55fc922dbf75 <unknown>\n#15 0x55fc9232c998 <unknown>\n#16 0x55fc9232cb27 <unknown>\n#17 0x55fc92347c23 <unknown>\n#18 0x7fc74128fb43 <unknown>","statusTrace":"self = <test_conduit.TestConduit object at 0x7fcc6efd04d0>\n\n    def test_registration(self):\n>       signUp_btn = WebDriverWait(self.browser, 5).until(EC.presence_of_element_located((By.CSS_SELECTOR,'a[href=\"#/register\"]')))\n\nTest/test_conduit.py:34: \n_ _ _ _ _ _ _ _ _ _ _ _ _ _ _ _ _ _ _ _ _ _ _ _ _ _ _ _ _ _ _ _ _ _ _ _ _ _ _ _ \n\nself = <selenium.webdriver.support.wait.WebDriverWait (session=\"0c430d13aef980e448d16caceba94839\")>\nmethod = <function presence_of_element_located.<locals>._predicate at 0x7fcc6f04af20>\nmessage = ''\n\n    def until(self, method, message: str = \"\"):\n        \"\"\"Calls the method provided with the driver as an argument until the \\\n        return value does not evaluate to ``False``.\n    \n        :param method: callable(WebDriver)\n        :param message: optional message for :exc:`TimeoutException`\n        :returns: the result of the last call to `method`\n        :raises: :exc:`selenium.common.exceptions.TimeoutException` if timeout occurs\n        \"\"\"\n        screen = None\n        stacktrace = None\n    \n        end_time = time.monotonic() + self._timeout\n        while True:\n            try:\n                value = method(self._driver)\n                if value:\n                    return value\n            except self._ignored_exceptions as exc:\n                screen = getattr(exc, \"screen\", None)\n                stacktrace = getattr(exc, \"stacktrace\", None)\n            time.sleep(self._poll)\n            if time.monotonic() > end_time:\n                break\n>       raise TimeoutException(message, screen, stacktrace)\nE       selenium.common.exceptions.TimeoutException: Message: \nE       Stacktrace:\nE       #0 0x55fc922b0243 <unknown>\nE       #1 0x55fc920747a6 <unknown>\nE       #2 0x55fc920b164d <unknown>\nE       #3 0x55fc920b1761 <unknown>\nE       #4 0x55fc920ecda4 <unknown>\nE       #5 0x55fc920d20ad <unknown>\nE       #6 0x55fc920ea932 <unknown>\nE       #7 0x55fc920d1e53 <unknown>\nE       #8 0x55fc920a49ea <unknown>\nE       #9 0x55fc920a5b2e <unknown>\nE       #10 0x55fc92304d5e <unknown>\nE       #11 0x55fc92308a80 <unknown>\nE       #12 0x55fc922ea8b0 <unknown>\nE       #13 0x55fc92309b63 <unknown>\nE       #14 0x55fc922dbf75 <unknown>\nE       #15 0x55fc9232c998 <unknown>\nE       #16 0x55fc9232cb27 <unknown>\nE       #17 0x55fc92347c23 <unknown>\nE       #18 0x7fc74128fb43 <unknown>\n\n/opt/hostedtoolcache/Python/3.11.1/x64/lib/python3.11/site-packages/selenium/webdriver/support/wait.py:95: TimeoutException","steps":[],"attachments":[{"uid":"f46d057a28c0964e","name":"stderr","source":"f46d057a28c0964e.txt","type":"text/plain","size":321}],"parameters":[],"stepsCount":0,"attachmentsCount":1,"shouldDisplayMessage":true,"hasContent":true},"afterStages":[{"name":"_xunit_setup_method_fixture_TestConduit::0","time":{"start":1680992694377,"stop":1680992694377,"duration":0},"status":"passed","steps":[],"attachments":[],"parameters":[],"stepsCount":0,"attachmentsCount":0,"shouldDisplayMessage":false,"hasContent":false}],"labels":[{"name":"parentSuite","value":"Test"},{"name":"suite","value":"test_conduit"},{"name":"subSuite","value":"TestConduit"},{"name":"host","value":"fv-az397-830"},{"name":"thread","value":"3009-MainThread"},{"name":"framework","value":"pytest"},{"name":"language","value":"cpython3"},{"name":"package","value":"Test.test_conduit"},{"name":"resultFormat","value":"allure2"}],"parameters":[],"links":[],"hidden":false,"retry":false,"extra":{"severity":"normal","retries":[],"categories":[{"name":"Test defects","matchedStatuses":[],"flaky":false}],"tags":[]},"source":"a65824de5666e6c3.json","parameterValues":[]}