{"uid":"663e6f7d01f286d7","name":"test_registration","fullName":"Test.test_conduit.TestConduit#test_registration","historyId":"27fbd69bd14469a99efda7e74b17590d","time":{"start":1680989867665,"stop":1680989872780,"duration":5115},"status":"broken","statusMessage":"selenium.common.exceptions.TimeoutException: Message: \nStacktrace:\n#0 0x5622669f6243 <unknown>\n#1 0x5622667ba7a6 <unknown>\n#2 0x5622667f764d <unknown>\n#3 0x5622667f7761 <unknown>\n#4 0x562266832da4 <unknown>\n#5 0x5622668180ad <unknown>\n#6 0x562266830932 <unknown>\n#7 0x562266817e53 <unknown>\n#8 0x5622667ea9ea <unknown>\n#9 0x5622667ebb2e <unknown>\n#10 0x562266a4ad5e <unknown>\n#11 0x562266a4ea80 <unknown>\n#12 0x562266a308b0 <unknown>\n#13 0x562266a4fb63 <unknown>\n#14 0x562266a21f75 <unknown>\n#15 0x562266a72998 <unknown>\n#16 0x562266a72b27 <unknown>\n#17 0x562266a8dc23 <unknown>\n#18 0x7fc0dc2cbb43 <unknown>","statusTrace":"self = <test_conduit.TestConduit object at 0x7f33d8717a10>\n\n    def test_registration(self):\n>       signUp_btn = WebDriverWait(self.browser, 5).until(EC.element_to_be_clickable((By.CSS_SELECTOR,'a[href=\"#/register\"]')))\n\nTest/test_conduit.py:33: \n_ _ _ _ _ _ _ _ _ _ _ _ _ _ _ _ _ _ _ _ _ _ _ _ _ _ _ _ _ _ _ _ _ _ _ _ _ _ _ _ \n\nself = <selenium.webdriver.support.wait.WebDriverWait (session=\"4f50370b6e36fd42fac766d2c564ce37\")>\nmethod = <function element_to_be_clickable.<locals>._predicate at 0x7f33d85b6980>\nmessage = ''\n\n    def until(self, method, message: str = \"\"):\n        \"\"\"Calls the method provided with the driver as an argument until the \\\n        return value does not evaluate to ``False``.\n    \n        :param method: callable(WebDriver)\n        :param message: optional message for :exc:`TimeoutException`\n        :returns: the result of the last call to `method`\n        :raises: :exc:`selenium.common.exceptions.TimeoutException` if timeout occurs\n        \"\"\"\n        screen = None\n        stacktrace = None\n    \n        end_time = time.monotonic() + self._timeout\n        while True:\n            try:\n                value = method(self._driver)\n                if value:\n                    return value\n            except self._ignored_exceptions as exc:\n                screen = getattr(exc, \"screen\", None)\n                stacktrace = getattr(exc, \"stacktrace\", None)\n            time.sleep(self._poll)\n            if time.monotonic() > end_time:\n                break\n>       raise TimeoutException(message, screen, stacktrace)\nE       selenium.common.exceptions.TimeoutException: Message: \nE       Stacktrace:\nE       #0 0x5622669f6243 <unknown>\nE       #1 0x5622667ba7a6 <unknown>\nE       #2 0x5622667f764d <unknown>\nE       #3 0x5622667f7761 <unknown>\nE       #4 0x562266832da4 <unknown>\nE       #5 0x5622668180ad <unknown>\nE       #6 0x562266830932 <unknown>\nE       #7 0x562266817e53 <unknown>\nE       #8 0x5622667ea9ea <unknown>\nE       #9 0x5622667ebb2e <unknown>\nE       #10 0x562266a4ad5e <unknown>\nE       #11 0x562266a4ea80 <unknown>\nE       #12 0x562266a308b0 <unknown>\nE       #13 0x562266a4fb63 <unknown>\nE       #14 0x562266a21f75 <unknown>\nE       #15 0x562266a72998 <unknown>\nE       #16 0x562266a72b27 <unknown>\nE       #17 0x562266a8dc23 <unknown>\nE       #18 0x7fc0dc2cbb43 <unknown>\n\n/opt/hostedtoolcache/Python/3.11.1/x64/lib/python3.11/site-packages/selenium/webdriver/support/wait.py:95: TimeoutException","flaky":false,"newFailed":false,"newBroken":false,"newPassed":false,"retriesCount":0,"retriesStatusChange":false,"beforeStages":[{"name":"_xunit_setup_method_fixture_TestConduit","time":{"start":1680989865105,"stop":1680989867664,"duration":2559},"status":"passed","steps":[],"attachments":[],"parameters":[],"stepsCount":0,"attachmentsCount":0,"shouldDisplayMessage":false,"hasContent":false}],"testStage":{"status":"broken","statusMessage":"selenium.common.exceptions.TimeoutException: Message: \nStacktrace:\n#0 0x5622669f6243 <unknown>\n#1 0x5622667ba7a6 <unknown>\n#2 0x5622667f764d <unknown>\n#3 0x5622667f7761 <unknown>\n#4 0x562266832da4 <unknown>\n#5 0x5622668180ad <unknown>\n#6 0x562266830932 <unknown>\n#7 0x562266817e53 <unknown>\n#8 0x5622667ea9ea <unknown>\n#9 0x5622667ebb2e <unknown>\n#10 0x562266a4ad5e <unknown>\n#11 0x562266a4ea80 <unknown>\n#12 0x562266a308b0 <unknown>\n#13 0x562266a4fb63 <unknown>\n#14 0x562266a21f75 <unknown>\n#15 0x562266a72998 <unknown>\n#16 0x562266a72b27 <unknown>\n#17 0x562266a8dc23 <unknown>\n#18 0x7fc0dc2cbb43 <unknown>","statusTrace":"self = <test_conduit.TestConduit object at 0x7f33d8717a10>\n\n    def test_registration(self):\n>       signUp_btn = WebDriverWait(self.browser, 5).until(EC.element_to_be_clickable((By.CSS_SELECTOR,'a[href=\"#/register\"]')))\n\nTest/test_conduit.py:33: \n_ _ _ _ _ _ _ _ _ _ _ _ _ _ _ _ _ _ _ _ _ _ _ _ _ _ _ _ _ _ _ _ _ _ _ _ _ _ _ _ \n\nself = <selenium.webdriver.support.wait.WebDriverWait (session=\"4f50370b6e36fd42fac766d2c564ce37\")>\nmethod = <function element_to_be_clickable.<locals>._predicate at 0x7f33d85b6980>\nmessage = ''\n\n    def until(self, method, message: str = \"\"):\n        \"\"\"Calls the method provided with the driver as an argument until the \\\n        return value does not evaluate to ``False``.\n    \n        :param method: callable(WebDriver)\n        :param message: optional message for :exc:`TimeoutException`\n        :returns: the result of the last call to `method`\n        :raises: :exc:`selenium.common.exceptions.TimeoutException` if timeout occurs\n        \"\"\"\n        screen = None\n        stacktrace = None\n    \n        end_time = time.monotonic() + self._timeout\n        while True:\n            try:\n                value = method(self._driver)\n                if value:\n                    return value\n            except self._ignored_exceptions as exc:\n                screen = getattr(exc, \"screen\", None)\n                stacktrace = getattr(exc, \"stacktrace\", None)\n            time.sleep(self._poll)\n            if time.monotonic() > end_time:\n                break\n>       raise TimeoutException(message, screen, stacktrace)\nE       selenium.common.exceptions.TimeoutException: Message: \nE       Stacktrace:\nE       #0 0x5622669f6243 <unknown>\nE       #1 0x5622667ba7a6 <unknown>\nE       #2 0x5622667f764d <unknown>\nE       #3 0x5622667f7761 <unknown>\nE       #4 0x562266832da4 <unknown>\nE       #5 0x5622668180ad <unknown>\nE       #6 0x562266830932 <unknown>\nE       #7 0x562266817e53 <unknown>\nE       #8 0x5622667ea9ea <unknown>\nE       #9 0x5622667ebb2e <unknown>\nE       #10 0x562266a4ad5e <unknown>\nE       #11 0x562266a4ea80 <unknown>\nE       #12 0x562266a308b0 <unknown>\nE       #13 0x562266a4fb63 <unknown>\nE       #14 0x562266a21f75 <unknown>\nE       #15 0x562266a72998 <unknown>\nE       #16 0x562266a72b27 <unknown>\nE       #17 0x562266a8dc23 <unknown>\nE       #18 0x7fc0dc2cbb43 <unknown>\n\n/opt/hostedtoolcache/Python/3.11.1/x64/lib/python3.11/site-packages/selenium/webdriver/support/wait.py:95: TimeoutException","steps":[],"attachments":[{"uid":"5abd2b3ad6a9bea","name":"stderr","source":"5abd2b3ad6a9bea.txt","type":"text/plain","size":160}],"parameters":[],"stepsCount":0,"attachmentsCount":1,"shouldDisplayMessage":true,"hasContent":true},"afterStages":[{"name":"_xunit_setup_method_fixture_TestConduit::0","time":{"start":1680989872824,"stop":1680989872824,"duration":0},"status":"passed","steps":[],"attachments":[],"parameters":[],"stepsCount":0,"attachmentsCount":0,"shouldDisplayMessage":false,"hasContent":false}],"labels":[{"name":"parentSuite","value":"Test"},{"name":"suite","value":"test_conduit"},{"name":"subSuite","value":"TestConduit"},{"name":"host","value":"fv-az452-454"},{"name":"thread","value":"3029-MainThread"},{"name":"framework","value":"pytest"},{"name":"language","value":"cpython3"},{"name":"package","value":"Test.test_conduit"},{"name":"resultFormat","value":"allure2"}],"parameters":[],"links":[],"hidden":false,"retry":false,"extra":{"severity":"normal","retries":[],"categories":[{"name":"Test defects","matchedStatuses":[],"flaky":false}],"tags":[]},"source":"663e6f7d01f286d7.json","parameterValues":[]}