{"uid":"8e36d1ff0be563a3","name":"test_registration","fullName":"Test.test_conduit.TestConduit#test_registration","historyId":"27fbd69bd14469a99efda7e74b17590d","time":{"start":1680989586176,"stop":1680989591657,"duration":5481},"status":"broken","statusMessage":"selenium.common.exceptions.TimeoutException: Message: \nStacktrace:\n#0 0x55af0c7a6243 <unknown>\n#1 0x55af0c56a7a6 <unknown>\n#2 0x55af0c5a764d <unknown>\n#3 0x55af0c5a7761 <unknown>\n#4 0x55af0c5e2da4 <unknown>\n#5 0x55af0c5c80ad <unknown>\n#6 0x55af0c5e0932 <unknown>\n#7 0x55af0c5c7e53 <unknown>\n#8 0x55af0c59a9ea <unknown>\n#9 0x55af0c59bb2e <unknown>\n#10 0x55af0c7fad5e <unknown>\n#11 0x55af0c7fea80 <unknown>\n#12 0x55af0c7e08b0 <unknown>\n#13 0x55af0c7ffb63 <unknown>\n#14 0x55af0c7d1f75 <unknown>\n#15 0x55af0c822998 <unknown>\n#16 0x55af0c822b27 <unknown>\n#17 0x55af0c83dc23 <unknown>\n#18 0x7f79ab9c2b43 <unknown>","statusTrace":"self = <test_conduit.TestConduit object at 0x7f5ec8498550>\n\n    def test_registration(self):\n>       signUp_btn = WebDriverWait(self.browser, 5).until(EC.element_to_be_clickable((By.CSS_SELECTOR,'a[href=\"#/register\"]')))\n\nTest/test_conduit.py:33: \n_ _ _ _ _ _ _ _ _ _ _ _ _ _ _ _ _ _ _ _ _ _ _ _ _ _ _ _ _ _ _ _ _ _ _ _ _ _ _ _ \n\nself = <selenium.webdriver.support.wait.WebDriverWait (session=\"7426e68bf7b5e9b48dda5986ff88f0ba\")>\nmethod = <function element_to_be_clickable.<locals>._predicate at 0x7f5ec8332980>\nmessage = ''\n\n    def until(self, method, message: str = \"\"):\n        \"\"\"Calls the method provided with the driver as an argument until the \\\n        return value does not evaluate to ``False``.\n    \n        :param method: callable(WebDriver)\n        :param message: optional message for :exc:`TimeoutException`\n        :returns: the result of the last call to `method`\n        :raises: :exc:`selenium.common.exceptions.TimeoutException` if timeout occurs\n        \"\"\"\n        screen = None\n        stacktrace = None\n    \n        end_time = time.monotonic() + self._timeout\n        while True:\n            try:\n                value = method(self._driver)\n                if value:\n                    return value\n            except self._ignored_exceptions as exc:\n                screen = getattr(exc, \"screen\", None)\n                stacktrace = getattr(exc, \"stacktrace\", None)\n            time.sleep(self._poll)\n            if time.monotonic() > end_time:\n                break\n>       raise TimeoutException(message, screen, stacktrace)\nE       selenium.common.exceptions.TimeoutException: Message: \nE       Stacktrace:\nE       #0 0x55af0c7a6243 <unknown>\nE       #1 0x55af0c56a7a6 <unknown>\nE       #2 0x55af0c5a764d <unknown>\nE       #3 0x55af0c5a7761 <unknown>\nE       #4 0x55af0c5e2da4 <unknown>\nE       #5 0x55af0c5c80ad <unknown>\nE       #6 0x55af0c5e0932 <unknown>\nE       #7 0x55af0c5c7e53 <unknown>\nE       #8 0x55af0c59a9ea <unknown>\nE       #9 0x55af0c59bb2e <unknown>\nE       #10 0x55af0c7fad5e <unknown>\nE       #11 0x55af0c7fea80 <unknown>\nE       #12 0x55af0c7e08b0 <unknown>\nE       #13 0x55af0c7ffb63 <unknown>\nE       #14 0x55af0c7d1f75 <unknown>\nE       #15 0x55af0c822998 <unknown>\nE       #16 0x55af0c822b27 <unknown>\nE       #17 0x55af0c83dc23 <unknown>\nE       #18 0x7f79ab9c2b43 <unknown>\n\n/opt/hostedtoolcache/Python/3.11.1/x64/lib/python3.11/site-packages/selenium/webdriver/support/wait.py:95: TimeoutException","flaky":false,"newFailed":false,"newBroken":false,"newPassed":false,"retriesCount":0,"retriesStatusChange":false,"beforeStages":[{"name":"_xunit_setup_method_fixture_TestConduit","time":{"start":1680989583505,"stop":1680989586176,"duration":2671},"status":"passed","steps":[],"attachments":[],"parameters":[],"stepsCount":0,"attachmentsCount":0,"shouldDisplayMessage":false,"hasContent":false}],"testStage":{"status":"broken","statusMessage":"selenium.common.exceptions.TimeoutException: Message: \nStacktrace:\n#0 0x55af0c7a6243 <unknown>\n#1 0x55af0c56a7a6 <unknown>\n#2 0x55af0c5a764d <unknown>\n#3 0x55af0c5a7761 <unknown>\n#4 0x55af0c5e2da4 <unknown>\n#5 0x55af0c5c80ad <unknown>\n#6 0x55af0c5e0932 <unknown>\n#7 0x55af0c5c7e53 <unknown>\n#8 0x55af0c59a9ea <unknown>\n#9 0x55af0c59bb2e <unknown>\n#10 0x55af0c7fad5e <unknown>\n#11 0x55af0c7fea80 <unknown>\n#12 0x55af0c7e08b0 <unknown>\n#13 0x55af0c7ffb63 <unknown>\n#14 0x55af0c7d1f75 <unknown>\n#15 0x55af0c822998 <unknown>\n#16 0x55af0c822b27 <unknown>\n#17 0x55af0c83dc23 <unknown>\n#18 0x7f79ab9c2b43 <unknown>","statusTrace":"self = <test_conduit.TestConduit object at 0x7f5ec8498550>\n\n    def test_registration(self):\n>       signUp_btn = WebDriverWait(self.browser, 5).until(EC.element_to_be_clickable((By.CSS_SELECTOR,'a[href=\"#/register\"]')))\n\nTest/test_conduit.py:33: \n_ _ _ _ _ _ _ _ _ _ _ _ _ _ _ _ _ _ _ _ _ _ _ _ _ _ _ _ _ _ _ _ _ _ _ _ _ _ _ _ \n\nself = <selenium.webdriver.support.wait.WebDriverWait (session=\"7426e68bf7b5e9b48dda5986ff88f0ba\")>\nmethod = <function element_to_be_clickable.<locals>._predicate at 0x7f5ec8332980>\nmessage = ''\n\n    def until(self, method, message: str = \"\"):\n        \"\"\"Calls the method provided with the driver as an argument until the \\\n        return value does not evaluate to ``False``.\n    \n        :param method: callable(WebDriver)\n        :param message: optional message for :exc:`TimeoutException`\n        :returns: the result of the last call to `method`\n        :raises: :exc:`selenium.common.exceptions.TimeoutException` if timeout occurs\n        \"\"\"\n        screen = None\n        stacktrace = None\n    \n        end_time = time.monotonic() + self._timeout\n        while True:\n            try:\n                value = method(self._driver)\n                if value:\n                    return value\n            except self._ignored_exceptions as exc:\n                screen = getattr(exc, \"screen\", None)\n                stacktrace = getattr(exc, \"stacktrace\", None)\n            time.sleep(self._poll)\n            if time.monotonic() > end_time:\n                break\n>       raise TimeoutException(message, screen, stacktrace)\nE       selenium.common.exceptions.TimeoutException: Message: \nE       Stacktrace:\nE       #0 0x55af0c7a6243 <unknown>\nE       #1 0x55af0c56a7a6 <unknown>\nE       #2 0x55af0c5a764d <unknown>\nE       #3 0x55af0c5a7761 <unknown>\nE       #4 0x55af0c5e2da4 <unknown>\nE       #5 0x55af0c5c80ad <unknown>\nE       #6 0x55af0c5e0932 <unknown>\nE       #7 0x55af0c5c7e53 <unknown>\nE       #8 0x55af0c59a9ea <unknown>\nE       #9 0x55af0c59bb2e <unknown>\nE       #10 0x55af0c7fad5e <unknown>\nE       #11 0x55af0c7fea80 <unknown>\nE       #12 0x55af0c7e08b0 <unknown>\nE       #13 0x55af0c7ffb63 <unknown>\nE       #14 0x55af0c7d1f75 <unknown>\nE       #15 0x55af0c822998 <unknown>\nE       #16 0x55af0c822b27 <unknown>\nE       #17 0x55af0c83dc23 <unknown>\nE       #18 0x7f79ab9c2b43 <unknown>\n\n/opt/hostedtoolcache/Python/3.11.1/x64/lib/python3.11/site-packages/selenium/webdriver/support/wait.py:95: TimeoutException","steps":[],"attachments":[{"uid":"911bea8813e19886","name":"stderr","source":"911bea8813e19886.txt","type":"text/plain","size":321}],"parameters":[],"stepsCount":0,"attachmentsCount":1,"shouldDisplayMessage":true,"hasContent":true},"afterStages":[{"name":"_xunit_setup_method_fixture_TestConduit::0","time":{"start":1680989591687,"stop":1680989591687,"duration":0},"status":"passed","steps":[],"attachments":[],"parameters":[],"stepsCount":0,"attachmentsCount":0,"shouldDisplayMessage":false,"hasContent":false}],"labels":[{"name":"parentSuite","value":"Test"},{"name":"suite","value":"test_conduit"},{"name":"subSuite","value":"TestConduit"},{"name":"host","value":"fv-az396-615"},{"name":"thread","value":"3039-MainThread"},{"name":"framework","value":"pytest"},{"name":"language","value":"cpython3"},{"name":"package","value":"Test.test_conduit"},{"name":"resultFormat","value":"allure2"}],"parameters":[],"links":[],"hidden":false,"retry":false,"extra":{"severity":"normal","retries":[],"categories":[{"name":"Test defects","matchedStatuses":[],"flaky":false}],"tags":[]},"source":"8e36d1ff0be563a3.json","parameterValues":[]}