{"uid":"f6af53667902d0b3","name":"test_registration","fullName":"Test.test_conduit.TestConduit#test_registration","historyId":"27fbd69bd14469a99efda7e74b17590d","time":{"start":1681022124893,"stop":1681022129999,"duration":5106},"status":"broken","statusMessage":"selenium.common.exceptions.TimeoutException: Message: \nStacktrace:\n#0 0x56398e146243 <unknown>\n#1 0x56398df0a7a6 <unknown>\n#2 0x56398df4764d <unknown>\n#3 0x56398df47761 <unknown>\n#4 0x56398df82da4 <unknown>\n#5 0x56398df680ad <unknown>\n#6 0x56398df80932 <unknown>\n#7 0x56398df67e53 <unknown>\n#8 0x56398df3a9ea <unknown>\n#9 0x56398df3bb2e <unknown>\n#10 0x56398e19ad5e <unknown>\n#11 0x56398e19ea80 <unknown>\n#12 0x56398e1808b0 <unknown>\n#13 0x56398e19fb63 <unknown>\n#14 0x56398e171f75 <unknown>\n#15 0x56398e1c2998 <unknown>\n#16 0x56398e1c2b27 <unknown>\n#17 0x56398e1ddc23 <unknown>\n#18 0x7f012bc30b43 <unknown>","statusTrace":"self = <test_conduit.TestConduit object at 0x7fb9df5d8610>\n\n    def test_registration(self):\n>       signUp_btn = WebDriverWait(self.browser, 5).until(EC.presence_of_element_located((By.CSS_SELECTOR,'a[href=\"#/register\"]')))\n\nTest/test_conduit.py:33: \n_ _ _ _ _ _ _ _ _ _ _ _ _ _ _ _ _ _ _ _ _ _ _ _ _ _ _ _ _ _ _ _ _ _ _ _ _ _ _ _ \n\nself = <selenium.webdriver.support.wait.WebDriverWait (session=\"4eb2737f70195dd97f620559ef1c9bd3\")>\nmethod = <function presence_of_element_located.<locals>._predicate at 0x7fb9de84ef20>\nmessage = ''\n\n    def until(self, method, message: str = \"\"):\n        \"\"\"Calls the method provided with the driver as an argument until the \\\n        return value does not evaluate to ``False``.\n    \n        :param method: callable(WebDriver)\n        :param message: optional message for :exc:`TimeoutException`\n        :returns: the result of the last call to `method`\n        :raises: :exc:`selenium.common.exceptions.TimeoutException` if timeout occurs\n        \"\"\"\n        screen = None\n        stacktrace = None\n    \n        end_time = time.monotonic() + self._timeout\n        while True:\n            try:\n                value = method(self._driver)\n                if value:\n                    return value\n            except self._ignored_exceptions as exc:\n                screen = getattr(exc, \"screen\", None)\n                stacktrace = getattr(exc, \"stacktrace\", None)\n            time.sleep(self._poll)\n            if time.monotonic() > end_time:\n                break\n>       raise TimeoutException(message, screen, stacktrace)\nE       selenium.common.exceptions.TimeoutException: Message: \nE       Stacktrace:\nE       #0 0x56398e146243 <unknown>\nE       #1 0x56398df0a7a6 <unknown>\nE       #2 0x56398df4764d <unknown>\nE       #3 0x56398df47761 <unknown>\nE       #4 0x56398df82da4 <unknown>\nE       #5 0x56398df680ad <unknown>\nE       #6 0x56398df80932 <unknown>\nE       #7 0x56398df67e53 <unknown>\nE       #8 0x56398df3a9ea <unknown>\nE       #9 0x56398df3bb2e <unknown>\nE       #10 0x56398e19ad5e <unknown>\nE       #11 0x56398e19ea80 <unknown>\nE       #12 0x56398e1808b0 <unknown>\nE       #13 0x56398e19fb63 <unknown>\nE       #14 0x56398e171f75 <unknown>\nE       #15 0x56398e1c2998 <unknown>\nE       #16 0x56398e1c2b27 <unknown>\nE       #17 0x56398e1ddc23 <unknown>\nE       #18 0x7f012bc30b43 <unknown>\n\n/opt/hostedtoolcache/Python/3.11.1/x64/lib/python3.11/site-packages/selenium/webdriver/support/wait.py:95: TimeoutException","flaky":false,"newFailed":false,"newBroken":false,"newPassed":false,"retriesCount":0,"retriesStatusChange":false,"beforeStages":[{"name":"_xunit_setup_method_fixture_TestConduit","time":{"start":1681022122493,"stop":1681022124892,"duration":2399},"status":"passed","steps":[],"attachments":[],"parameters":[],"stepsCount":0,"attachmentsCount":0,"shouldDisplayMessage":false,"hasContent":false}],"testStage":{"status":"broken","statusMessage":"selenium.common.exceptions.TimeoutException: Message: \nStacktrace:\n#0 0x56398e146243 <unknown>\n#1 0x56398df0a7a6 <unknown>\n#2 0x56398df4764d <unknown>\n#3 0x56398df47761 <unknown>\n#4 0x56398df82da4 <unknown>\n#5 0x56398df680ad <unknown>\n#6 0x56398df80932 <unknown>\n#7 0x56398df67e53 <unknown>\n#8 0x56398df3a9ea <unknown>\n#9 0x56398df3bb2e <unknown>\n#10 0x56398e19ad5e <unknown>\n#11 0x56398e19ea80 <unknown>\n#12 0x56398e1808b0 <unknown>\n#13 0x56398e19fb63 <unknown>\n#14 0x56398e171f75 <unknown>\n#15 0x56398e1c2998 <unknown>\n#16 0x56398e1c2b27 <unknown>\n#17 0x56398e1ddc23 <unknown>\n#18 0x7f012bc30b43 <unknown>","statusTrace":"self = <test_conduit.TestConduit object at 0x7fb9df5d8610>\n\n    def test_registration(self):\n>       signUp_btn = WebDriverWait(self.browser, 5).until(EC.presence_of_element_located((By.CSS_SELECTOR,'a[href=\"#/register\"]')))\n\nTest/test_conduit.py:33: \n_ _ _ _ _ _ _ _ _ _ _ _ _ _ _ _ _ _ _ _ _ _ _ _ _ _ _ _ _ _ _ _ _ _ _ _ _ _ _ _ \n\nself = <selenium.webdriver.support.wait.WebDriverWait (session=\"4eb2737f70195dd97f620559ef1c9bd3\")>\nmethod = <function presence_of_element_located.<locals>._predicate at 0x7fb9de84ef20>\nmessage = ''\n\n    def until(self, method, message: str = \"\"):\n        \"\"\"Calls the method provided with the driver as an argument until the \\\n        return value does not evaluate to ``False``.\n    \n        :param method: callable(WebDriver)\n        :param message: optional message for :exc:`TimeoutException`\n        :returns: the result of the last call to `method`\n        :raises: :exc:`selenium.common.exceptions.TimeoutException` if timeout occurs\n        \"\"\"\n        screen = None\n        stacktrace = None\n    \n        end_time = time.monotonic() + self._timeout\n        while True:\n            try:\n                value = method(self._driver)\n                if value:\n                    return value\n            except self._ignored_exceptions as exc:\n                screen = getattr(exc, \"screen\", None)\n                stacktrace = getattr(exc, \"stacktrace\", None)\n            time.sleep(self._poll)\n            if time.monotonic() > end_time:\n                break\n>       raise TimeoutException(message, screen, stacktrace)\nE       selenium.common.exceptions.TimeoutException: Message: \nE       Stacktrace:\nE       #0 0x56398e146243 <unknown>\nE       #1 0x56398df0a7a6 <unknown>\nE       #2 0x56398df4764d <unknown>\nE       #3 0x56398df47761 <unknown>\nE       #4 0x56398df82da4 <unknown>\nE       #5 0x56398df680ad <unknown>\nE       #6 0x56398df80932 <unknown>\nE       #7 0x56398df67e53 <unknown>\nE       #8 0x56398df3a9ea <unknown>\nE       #9 0x56398df3bb2e <unknown>\nE       #10 0x56398e19ad5e <unknown>\nE       #11 0x56398e19ea80 <unknown>\nE       #12 0x56398e1808b0 <unknown>\nE       #13 0x56398e19fb63 <unknown>\nE       #14 0x56398e171f75 <unknown>\nE       #15 0x56398e1c2998 <unknown>\nE       #16 0x56398e1c2b27 <unknown>\nE       #17 0x56398e1ddc23 <unknown>\nE       #18 0x7f012bc30b43 <unknown>\n\n/opt/hostedtoolcache/Python/3.11.1/x64/lib/python3.11/site-packages/selenium/webdriver/support/wait.py:95: TimeoutException","steps":[],"attachments":[{"uid":"49485b673b7aece7","name":"stderr","source":"49485b673b7aece7.txt","type":"text/plain","size":159}],"parameters":[],"stepsCount":0,"attachmentsCount":1,"shouldDisplayMessage":true,"hasContent":true},"afterStages":[{"name":"_xunit_setup_method_fixture_TestConduit::0","time":{"start":1681022130041,"stop":1681022130041,"duration":0},"status":"passed","steps":[],"attachments":[],"parameters":[],"stepsCount":0,"attachmentsCount":0,"shouldDisplayMessage":false,"hasContent":false}],"labels":[{"name":"parentSuite","value":"Test"},{"name":"suite","value":"test_conduit"},{"name":"subSuite","value":"TestConduit"},{"name":"host","value":"fv-az257-201"},{"name":"thread","value":"3114-MainThread"},{"name":"framework","value":"pytest"},{"name":"language","value":"cpython3"},{"name":"package","value":"Test.test_conduit"},{"name":"resultFormat","value":"allure2"}],"parameters":[],"links":[],"hidden":false,"retry":false,"extra":{"severity":"normal","retries":[],"categories":[{"name":"Test defects","matchedStatuses":[],"flaky":false}],"tags":[]},"source":"f6af53667902d0b3.json","parameterValues":[]}